c:\users\parkgyeongtae\source\repos\gtppainter\gtppainter\x64\debug\gtppainter.pch
c:\users\parkgyeongtae\source\repos\gtppainter\gtppainter\x64\debug\vc143.pdb
c:\users\parkgyeongtae\source\repos\gtppainter\gtppainter\x64\debug\vc143.idb
c:\users\parkgyeongtae\source\repos\gtppainter\gtppainter\x64\debug\pch.obj
c:\users\parkgyeongtae\source\repos\gtppainter\gtppainter\x64\debug\pointf64.obj
c:\users\parkgyeongtae\source\repos\gtppainter\gtppainter\x64\debug\mainfrm.obj
c:\users\parkgyeongtae\source\repos\gtppainter\gtppainter\x64\debug\gtppainterdoc.obj
c:\users\parkgyeongtae\source\repos\gtppainter\gtppainter\x64\debug\gtppainter.obj
c:\users\parkgyeongtae\source\repos\gtppainter\gtppainter\x64\debug\gtppainterview.obj
c:\users\parkgyeongtae\source\repos\gtppainter\x64\debug\gtppainter.exe
c:\users\parkgyeongtae\source\repos\gtppainter\gtppainter\x64\debug\gtppainter.ilk
c:\users\parkgyeongtae\source\repos\gtppainter\x64\debug\gtppainter.pdb
c:\users\parkgyeongtae\source\repos\gtppainter\gtppainter\x64\debug\gtppainter.res
c:\users\parkgyeongtae\source\repos\gtppainter_sdi\gtppainter\x64\debug\dialogclose.obj
c:\users\parkgyeongtae\source\repos\gtppainter_sdi\gtppainter\x64\debug\dialognewfile.obj
c:\users\parkgyeongtae\source\repos\gtppainter_sdi\gtppainter\x64\debug\gtppainter.obj
c:\users\parkgyeongtae\source\repos\gtppainter_sdi\gtppainter\x64\debug\gtppainterdoc.obj
c:\users\parkgyeongtae\source\repos\gtppainter_sdi\gtppainter\x64\debug\gtppainterview.obj
c:\users\parkgyeongtae\source\repos\gtppainter_sdi\gtppainter\x64\debug\mainfrm.obj
c:\users\parkgyeongtae\source\repos\gtppainter_sdi\gtppainter\x64\debug\pch.obj
c:\users\parkgyeongtae\source\repos\gtppainter_sdi\gtppainter\x64\debug\pointf64.obj
c:\users\parkgyeongtae\source\repos\gtppainter_sdi\gtppainter\x64\debug\gtppainterview.obj.enc
c:\users\parkgyeongtae\source\repos\gtppainter_sdi\gtppainter\x64\debug\mainfrm.obj.enc
c:\users\parkgyeongtae\source\repos\gtppainter_sdi\gtppainter\x64\debug\gtppainter.ilk
c:\users\parkgyeongtae\source\repos\gtppainter_sdi\gtppainter\x64\debug\gtppainter.res
c:\users\parkgyeongtae\source\repos\gtppainter_sdi\gtppainter\x64\debug\gtppainter.pch
c:\users\parkgyeongtae\source\repos\gtppainter_sdi\gtppainter\x64\debug\vc143.idb
c:\users\parkgyeongtae\source\repos\gtppainter_sdi\gtppainter\x64\debug\vc143.pdb
c:\users\parkgyeongtae\source\repos\gtppainter_sdi\x64\debug\gtppainter.pdb
c:\users\parkgyeongtae\source\repos\gtppainter_sdi\x64\debug\gtppainter.exe
c:\users\parkgyeongtae\source\repos\gtppainter_sdi\gtppainter\x64\debug\gtppainter.tlog\cl.command.1.tlog
c:\users\parkgyeongtae\source\repos\gtppainter_sdi\gtppainter\x64\debug\gtppainter.tlog\cl.items.tlog
c:\users\parkgyeongtae\source\repos\gtppainter_sdi\gtppainter\x64\debug\gtppainter.tlog\cl.read.1.tlog
c:\users\parkgyeongtae\source\repos\gtppainter_sdi\gtppainter\x64\debug\gtppainter.tlog\cl.write.1.tlog
c:\users\parkgyeongtae\source\repos\gtppainter_sdi\gtppainter\x64\debug\gtppainter.tlog\link.command.1.tlog
c:\users\parkgyeongtae\source\repos\gtppainter_sdi\gtppainter\x64\debug\gtppainter.tlog\link.read.1.tlog
c:\users\parkgyeongtae\source\repos\gtppainter_sdi\gtppainter\x64\debug\gtppainter.tlog\link.write.1.tlog
c:\users\parkgyeongtae\source\repos\gtppainter_sdi\gtppainter\x64\debug\gtppainter.tlog\rc.command.1.tlog
c:\users\parkgyeongtae\source\repos\gtppainter_sdi\gtppainter\x64\debug\gtppainter.tlog\rc.read.1.tlog
c:\users\parkgyeongtae\source\repos\gtppainter_sdi\gtppainter\x64\debug\gtppainter.tlog\rc.write.1.tlog
